[2026-03-09 02:29:37] local.ERROR: SQLSTATE[HY000] [2006] MySQL server has gone away (Connection: mysql, Host: 110.232.143.156, Port: 3306, Database: za4scom4_helloworld, SQL: delete from `cache`) {"exception":"[object] (Illuminate\\Database\\QueryException(code: 2006): SQLSTATE[HY000] [2006] MySQL server has gone away (Connection: mysql, Host: 110.232.143.156, Port: 3306, Database: za4scom4_helloworld, SQL: delete from `cache`) at C:/Users/arbo3/Desktop/Coding/Software Engineering Learning/Trackmania_Leaderboard/vendor/laravel/framework/src/Illuminate/Database/Connection.php:838)
[stacktrace]
#0 C:/Users/arbo3/Desktop/Coding/Software Engineering Learning/Trackmania_Leaderboard/vendor/laravel/framework/src/Illuminate/Database/Connection.php(999): Illuminate/Database/Connection->runQueryCallback('delete from `ca...', Array, Object(Closure))
#1 C:/Users/arbo3/Desktop/Coding/Software Engineering Learning/Trackmania_Leaderboard/vendor/laravel/framework/src/Illuminate/Database/Connection.php(978): Illuminate/Database/Connection->tryAgainIfCausedByLostConnection(Object(Illuminate/Database/QueryException), 'delete from `ca...', Array, Object(Closure))
#2 C:/Users/arbo3/Desktop/Coding/Software Engineering Learning/Trackmania_Leaderboard/vendor/laravel/framework/src/Illuminate/Database/Connection.php(796): Illuminate/Database/Connection->handleQueryException(Object(Illuminate/Database/QueryException), 'delete from `ca...', Array, Object(Closure))
#3 C:/Users/arbo3/Desktop/Coding/Software Engineering Learning/Trackmania_Leaderboard/vendor/laravel/framework/src/Illuminate/Database/Connection.php(597): Illuminate/Database/Connection->run('delete from `ca...', Array, Object(Closure))
#4 C:/Users/arbo3/Desktop/Coding/Software Engineering Learning/Trackmania_Leaderboard/vendor/laravel/framework/src/Illuminate/Database/Connection.php(561): Illuminate/Database/Connection->affectingStatement('delete from `ca...', Array)
#5 C:/Users/arbo3/Desktop/Coding/Software Engineering Learning/Trackmania_Leaderboard/vendor/laravel/framework/src/Illuminate/Database/Query/Builder.php(4396): Illuminate/Database/Connection->delete('delete from `ca...', Array)
#6 C:/Users/arbo3/Desktop/Coding/Software Engineering Learning/Trackmania_Leaderboard/vendor/laravel/framework/src/Illuminate/Cache/DatabaseStore.php(433): Illuminate/Database/Query/Builder->delete()
#7 C:/Users/arbo3/Desktop/Coding/Software Engineering Learning/Trackmania_Leaderboard/vendor/laravel/framework/src/Illuminate/Cache/Repository.php(979): Illuminate/Cache/DatabaseStore->flush()
#8 C:/Users/arbo3/Desktop/Coding/Software Engineering Learning/Trackmania_Leaderboard/vendor/laravel/framework/src/Illuminate/Cache/Console/ClearCommand.php(68): Illuminate/Cache/Repository->__call('flush', Array)
#9 C:/Users/arbo3/Desktop/Coding/Software Engineering Learning/Trackmania_Leaderboard/vendor/laravel/framework/src/Illuminate/Container/BoundMethod.php(36): Illuminate/Cache/Console/ClearCommand->handle()
#10 C:/Users/arbo3/Desktop/Coding/Software Engineering Learning/Trackmania_Leaderboard/vendor/laravel/framework/src/Illuminate/Container/Util.php(43): Illuminate/Container/BoundMethod::{closure:Illuminate/Container/BoundMethod::call():35}()
#11 C:/Users/arbo3/Desktop/Coding/Software Engineering Learning/Trackmania_Leaderboard/vendor/laravel/framework/src/Illuminate/Container/BoundMethod.php(96): Illuminate/Container/Util::unwrapIfClosure(Object(Closure))
#12 C:/Users/arbo3/Desktop/Coding/Software Engineering Learning/Trackmania_Leaderboard/vendor/laravel/framework/src/Illuminate/Container/BoundMethod.php(35): Illuminate/Container/BoundMethod::callBoundMethod(Object(Illuminate/Foundation/Application), Array, Object(Closure))
#13 C:/Users/arbo3/Desktop/Coding/Software Engineering Learning/Trackmania_Leaderboard/vendor/laravel/framework/src/Illuminate/Container/Container.php(799): Illuminate/Container/BoundMethod::call(Object(Illuminate/Foundation/Application), Array, Array, NULL)
#14 C:/Users/arbo3/Desktop/Coding/Software Engineering Learning/Trackmania_Leaderboard/vendor/laravel/framework/src/Illuminate/Console/Command.php(211): Illuminate/Container/Container->call(Array)
#15 C:/Users/arbo3/Desktop/Coding/Software Engineering Learning/Trackmania_Leaderboard/vendor/symfony/console/Command/Command.php(341): Illuminate/Console/Command->execute(Object(Symfony/Component/Console/Input/ArgvInput), Object(Illuminate/Console/OutputStyle))
#16 C:/Users/arbo3/Desktop/Coding/Software Engineering Learning/Trackmania_Leaderboard/vendor/laravel/framework/src/Illuminate/Console/Command.php(180): Symfony/Component/Console/Command/Command->run(Object(Symfony/Component/Console/Input/ArgvInput), Object(Illuminate/Console/OutputStyle))
#17 C:/Users/arbo3/Desktop/Coding/Software Engineering Learning/Trackmania_Leaderboard/vendor/symfony/console/Application.php(1117): Illuminate/Console/Command->run(Object(Symfony/Component/Console/Input/ArgvInput), Object(Symfony/Component/Console/Output/ConsoleOutput))
#18 C:/Users/arbo3/Desktop/Coding/Software Engineering Learning/Trackmania_Leaderboard/vendor/symfony/console/Application.php(356): Symfony/Component/Console/Application->doRunCommand(Object(Illuminate/Cache/Console/ClearCommand), Object(Symfony/Component/Console/Input/ArgvInput), Object(Symfony/Component/Console/Output/ConsoleOutput))
#19 C:/Users/arbo3/Desktop/Coding/Software Engineering Learning/Trackmania_Leaderboard/vendor/symfony/console/Application.php(195): Symfony/Component/Console/Application->doRun(Object(Symfony/Component/Console/Input/ArgvInput), Object(Symfony/Component/Console/Output/ConsoleOutput))
#20 C:/Users/arbo3/Desktop/Coding/Software Engineering Learning/Trackmania_Leaderboard/vendor/laravel/framework/src/Illuminate/Foundation/Console/Kernel.php(198): Symfony/Component/Console/Application->run(Object(Symfony/Component/Console/Input/ArgvInput), Object(Symfony/Component/Console/Output/ConsoleOutput))
#21 C:/Users/arbo3/Desktop/Coding/Software Engineering Learning/Trackmania_Leaderboard/vendor/laravel/framework/src/Illuminate/Foundation/Application.php(1235): Illuminate/Foundation/Console/Kernel->handle(Object(Symfony/Component/Console/Input/ArgvInput), Object(Symfony/Component/Console/Output/ConsoleOutput))
#22 C:/Users/arbo3/Desktop/Coding/Software Engineering Learning/Trackmania_Leaderboard/artisan(16): Illuminate/Foundation/Application->handleCommand(Object(Symfony/Component/Console/Input/ArgvInput))
#23 {main}

[previous exception] [object] (PDOException(code: 2006): SQLSTATE[HY000] [2006] MySQL server has gone away at C:/Users/arbo3/Desktop/Coding/Software Engineering Learning/Trackmania_Leaderboard/vendor/laravel/framework/src/Illuminate/Database/Connectors/Connector.php:67)
[stacktrace]
#0 C:/Users/arbo3/Desktop/Coding/Software Engineering Learning/Trackmania_Leaderboard/vendor/laravel/framework/src/Illuminate/Database/Connectors/Connector.php(67): PDO::connect('mysql:host=110....', 'za4scom4_hellow...', Object(SensitiveParameterValue), Array)
#1 C:/Users/arbo3/Desktop/Coding/Software Engineering Learning/Trackmania_Leaderboard/vendor/laravel/framework/src/Illuminate/Database/Connectors/Connector.php(85): Illuminate/Database/Connectors/Connector->createPdoConnection('mysql:host=110....', 'za4scom4_hellow...', Object(SensitiveParameterValue), Array)
#2 C:/Users/arbo3/Desktop/Coding/Software Engineering Learning/Trackmania_Leaderboard/vendor/laravel/framework/src/Illuminate/Database/Connectors/Connector.php(48): Illuminate/Database/Connectors/Connector->tryAgainIfCausedByLostConnection(Object(PDOException), 'mysql:host=110....', 'za4scom4_hellow...', Object(SensitiveParameterValue), Array)
#3 C:/Users/arbo3/Desktop/Coding/Software Engineering Learning/Trackmania_Leaderboard/vendor/laravel/framework/src/Illuminate/Database/Connectors/MySqlConnector.php(24): Illuminate/Database/Connectors/Connector->createConnection('mysql:host=110....', Array, Array)
#4 C:/Users/arbo3/Desktop/Coding/Software Engineering Learning/Trackmania_Leaderboard/vendor/laravel/framework/src/Illuminate/Database/Connectors/ConnectionFactory.php(186): Illuminate/Database/Connectors/MySqlConnector->connect(Array)
#5 [internal function]: Illuminate/Database/Connectors/ConnectionFactory->{closure:Illuminate/Database/Connectors/ConnectionFactory::createPdoResolverWithHosts():181}()
#6 C:/Users/arbo3/Desktop/Coding/Software Engineering Learning/Trackmania_Leaderboard/vendor/laravel/framework/src/Illuminate/Database/Connection.php(1257): call_user_func(Object(Closure))
#7 C:/Users/arbo3/Desktop/Coding/Software Engineering Learning/Trackmania_Leaderboard/vendor/laravel/framework/src/Illuminate/Database/Connection.php(605): Illuminate/Database/Connection->getPdo()
#8 C:/Users/arbo3/Desktop/Coding/Software Engineering Learning/Trackmania_Leaderboard/vendor/laravel/framework/src/Illuminate/Database/Connection.php(827): Illuminate/Database/Connection->{closure:Illuminate/Database/Connection::affectingStatement():597}('delete from `ca...', Array)
#9 C:/Users/arbo3/Desktop/Coding/Software Engineering Learning/Trackmania_Leaderboard/vendor/laravel/framework/src/Illuminate/Database/Connection.php(999): Illuminate/Database/Connection->runQueryCallback('delete from `ca...', Array, Object(Closure))
#10 C:/Users/arbo3/Desktop/Coding/Software Engineering Learning/Trackmania_Leaderboard/vendor/laravel/framework/src/Illuminate/Database/Connection.php(978): Illuminate/Database/Connection->tryAgainIfCausedByLostConnection(Object(Illuminate/Database/QueryException), 'delete from `ca...', Array, Object(Closure))
#11 C:/Users/arbo3/Desktop/Coding/Software Engineering Learning/Trackmania_Leaderboard/vendor/laravel/framework/src/Illuminate/Database/Connection.php(796): Illuminate/Database/Connection->handleQueryException(Object(Illuminate/Database/QueryException), 'delete from `ca...', Array, Object(Closure))
#12 C:/Users/arbo3/Desktop/Coding/Software Engineering Learning/Trackmania_Leaderboard/vendor/laravel/framework/src/Illuminate/Database/Connection.php(597): Illuminate/Database/Connection->run('delete from `ca...', Array, Object(Closure))
#13 C:/Users/arbo3/Desktop/Coding/Software Engineering Learning/Trackmania_Leaderboard/vendor/laravel/framework/src/Illuminate/Database/Connection.php(561): Illuminate/Database/Connection->affectingStatement('delete from `ca...', Array)
#14 C:/Users/arbo3/Desktop/Coding/Software Engineering Learning/Trackmania_Leaderboard/vendor/laravel/framework/src/Illuminate/Database/Query/Builder.php(4396): Illuminate/Database/Connection->delete('delete from `ca...', Array)
#15 C:/Users/arbo3/Desktop/Coding/Software Engineering Learning/Trackmania_Leaderboard/vendor/laravel/framework/src/Illuminate/Cache/DatabaseStore.php(433): Illuminate/Database/Query/Builder->delete()
#16 C:/Users/arbo3/Desktop/Coding/Software Engineering Learning/Trackmania_Leaderboard/vendor/laravel/framework/src/Illuminate/Cache/Repository.php(979): Illuminate/Cache/DatabaseStore->flush()
#17 C:/Users/arbo3/Desktop/Coding/Software Engineering Learning/Trackmania_Leaderboard/vendor/laravel/framework/src/Illuminate/Cache/Console/ClearCommand.php(68): Illuminate/Cache/Repository->__call('flush', Array)
#18 C:/Users/arbo3/Desktop/Coding/Software Engineering Learning/Trackmania_Leaderboard/vendor/laravel/framework/src/Illuminate/Container/BoundMethod.php(36): Illuminate/Cache/Console/ClearCommand->handle()
#19 C:/Users/arbo3/Desktop/Coding/Software Engineering Learning/Trackmania_Leaderboard/vendor/laravel/framework/src/Illuminate/Container/Util.php(43): Illuminate/Container/BoundMethod::{closure:Illuminate/Container/BoundMethod::call():35}()
#20 C:/Users/arbo3/Desktop/Coding/Software Engineering Learning/Trackmania_Leaderboard/vendor/laravel/framework/src/Illuminate/Container/BoundMethod.php(96): Illuminate/Container/Util::unwrapIfClosure(Object(Closure))
#21 C:/Users/arbo3/Desktop/Coding/Software Engineering Learning/Trackmania_Leaderboard/vendor/laravel/framework/src/Illuminate/Container/BoundMethod.php(35): Illuminate/Container/BoundMethod::callBoundMethod(Object(Illuminate/Foundation/Application), Array, Object(Closure))
#22 C:/Users/arbo3/Desktop/Coding/Software Engineering Learning/Trackmania_Leaderboard/vendor/laravel/framework/src/Illuminate/Container/Container.php(799): Illuminate/Container/BoundMethod::call(Object(Illuminate/Foundation/Application), Array, Array, NULL)
#23 C:/Users/arbo3/Desktop/Coding/Software Engineering Learning/Trackmania_Leaderboard/vendor/laravel/framework/src/Illuminate/Console/Command.php(211): Illuminate/Container/Container->call(Array)
#24 C:/Users/arbo3/Desktop/Coding/Software Engineering Learning/Trackmania_Leaderboard/vendor/symfony/console/Command/Command.php(341): Illuminate/Console/Command->execute(Object(Symfony/Component/Console/Input/ArgvInput), Object(Illuminate/Console/OutputStyle))
#25 C:/Users/arbo3/Desktop/Coding/Software Engineering Learning/Trackmania_Leaderboard/vendor/laravel/framework/src/Illuminate/Console/Command.php(180): Symfony/Component/Console/Command/Command->run(Object(Symfony/Component/Console/Input/ArgvInput), Object(Illuminate/Console/OutputStyle))
#26 C:/Users/arbo3/Desktop/Coding/Software Engineering Learning/Trackmania_Leaderboard/vendor/symfony/console/Application.php(1117): Illuminate/Console/Command->run(Object(Symfony/Component/Console/Input/ArgvInput), Object(Symfony/Component/Console/Output/ConsoleOutput))
#27 C:/Users/arbo3/Desktop/Coding/Software Engineering Learning/Trackmania_Leaderboard/vendor/symfony/console/Application.php(356): Symfony/Component/Console/Application->doRunCommand(Object(Illuminate/Cache/Console/ClearCommand), Object(Symfony/Component/Console/Input/ArgvInput), Object(Symfony/Component/Console/Output/ConsoleOutput))
#28 C:/Users/arbo3/Desktop/Coding/Software Engineering Learning/Trackmania_Leaderboard/vendor/symfony/console/Application.php(195): Symfony/Component/Console/Application->doRun(Object(Symfony/Component/Console/Input/ArgvInput), Object(Symfony/Component/Console/Output/ConsoleOutput))
#29 C:/Users/arbo3/Desktop/Coding/Software Engineering Learning/Trackmania_Leaderboard/vendor/laravel/framework/src/Illuminate/Foundation/Console/Kernel.php(198): Symfony/Component/Console/Application->run(Object(Symfony/Component/Console/Input/ArgvInput), Object(Symfony/Component/Console/Output/ConsoleOutput))
#30 C:/Users/arbo3/Desktop/Coding/Software Engineering Learning/Trackmania_Leaderboard/vendor/laravel/framework/src/Illuminate/Foundation/Application.php(1235): Illuminate/Foundation/Console/Kernel->handle(Object(Symfony/Component/Console/Input/ArgvInput), Object(Symfony/Component/Console/Output/ConsoleOutput))
#31 C:/Users/arbo3/Desktop/Coding/Software Engineering Learning/Trackmania_Leaderboard/artisan(16): Illuminate/Foundation/Application->handleCommand(Object(Symfony/Component/Console/Input/ArgvInput))
#32 {main}

[previous exception] [object] (PDOException(code: 0): PDO::connect(): Error while reading greeting packet. PID=9484 at C:/Users/arbo3/Desktop/Coding/Software Engineering Learning/Trackmania_Leaderboard/vendor/laravel/framework/src/Illuminate/Database/Connectors/Connector.php:67)
[stacktrace]
#0 C:/Users/arbo3/Desktop/Coding/Software Engineering Learning/Trackmania_Leaderboard/vendor/laravel/framework/src/Illuminate/Database/Connectors/Connector.php(67): PDO::connect('mysql:host=110....', 'za4scom4_hellow...', Object(SensitiveParameterValue), Array)
#1 C:/Users/arbo3/Desktop/Coding/Software Engineering Learning/Trackmania_Leaderboard/vendor/laravel/framework/src/Illuminate/Database/Connectors/Connector.php(85): Illuminate/Database/Connectors/Connector->createPdoConnection('mysql:host=110....', 'za4scom4_hellow...', Object(SensitiveParameterValue), Array)
#2 C:/Users/arbo3/Desktop/Coding/Software Engineering Learning/Trackmania_Leaderboard/vendor/laravel/framework/src/Illuminate/Database/Connectors/Connector.php(48): Illuminate/Database/Connectors/Connector->tryAgainIfCausedByLostConnection(Object(PDOException), 'mysql:host=110....', 'za4scom4_hellow...', Object(SensitiveParameterValue), Array)
#3 C:/Users/arbo3/Desktop/Coding/Software Engineering Learning/Trackmania_Leaderboard/vendor/laravel/framework/src/Illuminate/Database/Connectors/MySqlConnector.php(24): Illuminate/Database/Connectors/Connector->createConnection('mysql:host=110....', Array, Array)
#4 C:/Users/arbo3/Desktop/Coding/Software Engineering Learning/Trackmania_Leaderboard/vendor/laravel/framework/src/Illuminate/Database/Connectors/ConnectionFactory.php(186): Illuminate/Database/Connectors/MySqlConnector->connect(Array)
#5 [internal function]: Illuminate/Database/Connectors/ConnectionFactory->{closure:Illuminate/Database/Connectors/ConnectionFactory::createPdoResolverWithHosts():181}()
#6 C:/Users/arbo3/Desktop/Coding/Software Engineering Learning/Trackmania_Leaderboard/vendor/laravel/framework/src/Illuminate/Database/Connection.php(1257): call_user_func(Object(Closure))
#7 C:/Users/arbo3/Desktop/Coding/Software Engineering Learning/Trackmania_Leaderboard/vendor/laravel/framework/src/Illuminate/Database/Connection.php(605): Illuminate/Database/Connection->getPdo()
#8 C:/Users/arbo3/Desktop/Coding/Software Engineering Learning/Trackmania_Leaderboard/vendor/laravel/framework/src/Illuminate/Database/Connection.php(827): Illuminate/Database/Connection->{closure:Illuminate/Database/Connection::affectingStatement():597}('delete from `ca...', Array)
#9 C:/Users/arbo3/Desktop/Coding/Software Engineering Learning/Trackmania_Leaderboard/vendor/laravel/framework/src/Illuminate/Database/Connection.php(999): Illuminate/Database/Connection->runQueryCallback('delete from `ca...', Array, Object(Closure))
#10 C:/Users/arbo3/Desktop/Coding/Software Engineering Learning/Trackmania_Leaderboard/vendor/laravel/framework/src/Illuminate/Database/Connection.php(978): Illuminate/Database/Connection->tryAgainIfCausedByLostConnection(Object(Illuminate/Database/QueryException), 'delete from `ca...', Array, Object(Closure))
#11 C:/Users/arbo3/Desktop/Coding/Software Engineering Learning/Trackmania_Leaderboard/vendor/laravel/framework/src/Illuminate/Database/Connection.php(796): Illuminate/Database/Connection->handleQueryException(Object(Illuminate/Database/QueryException), 'delete from `ca...', Array, Object(Closure))
#12 C:/Users/arbo3/Desktop/Coding/Software Engineering Learning/Trackmania_Leaderboard/vendor/laravel/framework/src/Illuminate/Database/Connection.php(597): Illuminate/Database/Connection->run('delete from `ca...', Array, Object(Closure))
#13 C:/Users/arbo3/Desktop/Coding/Software Engineering Learning/Trackmania_Leaderboard/vendor/laravel/framework/src/Illuminate/Database/Connection.php(561): Illuminate/Database/Connection->affectingStatement('delete from `ca...', Array)
#14 C:/Users/arbo3/Desktop/Coding/Software Engineering Learning/Trackmania_Leaderboard/vendor/laravel/framework/src/Illuminate/Database/Query/Builder.php(4396): Illuminate/Database/Connection->delete('delete from `ca...', Array)
#15 C:/Users/arbo3/Desktop/Coding/Software Engineering Learning/Trackmania_Leaderboard/vendor/laravel/framework/src/Illuminate/Cache/DatabaseStore.php(433): Illuminate/Database/Query/Builder->delete()
#16 C:/Users/arbo3/Desktop/Coding/Software Engineering Learning/Trackmania_Leaderboard/vendor/laravel/framework/src/Illuminate/Cache/Repository.php(979): Illuminate/Cache/DatabaseStore->flush()
#17 C:/Users/arbo3/Desktop/Coding/Software Engineering Learning/Trackmania_Leaderboard/vendor/laravel/framework/src/Illuminate/Cache/Console/ClearCommand.php(68): Illuminate/Cache/Repository->__call('flush', Array)
#18 C:/Users/arbo3/Desktop/Coding/Software Engineering Learning/Trackmania_Leaderboard/vendor/laravel/framework/src/Illuminate/Container/BoundMethod.php(36): Illuminate/Cache/Console/ClearCommand->handle()
#19 C:/Users/arbo3/Desktop/Coding/Software Engineering Learning/Trackmania_Leaderboard/vendor/laravel/framework/src/Illuminate/Container/Util.php(43): Illuminate/Container/BoundMethod::{closure:Illuminate/Container/BoundMethod::call():35}()
#20 C:/Users/arbo3/Desktop/Coding/Software Engineering Learning/Trackmania_Leaderboard/vendor/laravel/framework/src/Illuminate/Container/BoundMethod.php(96): Illuminate/Container/Util::unwrapIfClosure(Object(Closure))
#21 C:/Users/arbo3/Desktop/Coding/Software Engineering Learning/Trackmania_Leaderboard/vendor/laravel/framework/src/Illuminate/Container/BoundMethod.php(35): Illuminate/Container/BoundMethod::callBoundMethod(Object(Illuminate/Foundation/Application), Array, Object(Closure))
#22 C:/Users/arbo3/Desktop/Coding/Software Engineering Learning/Trackmania_Leaderboard/vendor/laravel/framework/src/Illuminate/Container/Container.php(799): Illuminate/Container/BoundMethod::call(Object(Illuminate/Foundation/Application), Array, Array, NULL)
#23 C:/Users/arbo3/Desktop/Coding/Software Engineering Learning/Trackmania_Leaderboard/vendor/laravel/framework/src/Illuminate/Console/Command.php(211): Illuminate/Container/Container->call(Array)
#24 C:/Users/arbo3/Desktop/Coding/Software Engineering Learning/Trackmania_Leaderboard/vendor/symfony/console/Command/Command.php(341): Illuminate/Console/Command->execute(Object(Symfony/Component/Console/Input/ArgvInput), Object(Illuminate/Console/OutputStyle))
#25 C:/Users/arbo3/Desktop/Coding/Software Engineering Learning/Trackmania_Leaderboard/vendor/laravel/framework/src/Illuminate/Console/Command.php(180): Symfony/Component/Console/Command/Command->run(Object(Symfony/Component/Console/Input/ArgvInput), Object(Illuminate/Console/OutputStyle))
#26 C:/Users/arbo3/Desktop/Coding/Software Engineering Learning/Trackmania_Leaderboard/vendor/symfony/console/Application.php(1117): Illuminate/Console/Command->run(Object(Symfony/Component/Console/Input/ArgvInput), Object(Symfony/Component/Console/Output/ConsoleOutput))
#27 C:/Users/arbo3/Desktop/Coding/Software Engineering Learning/Trackmania_Leaderboard/vendor/symfony/console/Application.php(356): Symfony/Component/Console/Application->doRunCommand(Object(Illuminate/Cache/Console/ClearCommand), Object(Symfony/Component/Console/Input/ArgvInput), Object(Symfony/Component/Console/Output/ConsoleOutput))
#28 C:/Users/arbo3/Desktop/Coding/Software Engineering Learning/Trackmania_Leaderboard/vendor/symfony/console/Application.php(195): Symfony/Component/Console/Application->doRun(Object(Symfony/Component/Console/Input/ArgvInput), Object(Symfony/Component/Console/Output/ConsoleOutput))
#29 C:/Users/arbo3/Desktop/Coding/Software Engineering Learning/Trackmania_Leaderboard/vendor/laravel/framework/src/Illuminate/Foundation/Console/Kernel.php(198): Symfony/Component/Console/Application->run(Object(Symfony/Component/Console/Input/ArgvInput), Object(Symfony/Component/Console/Output/ConsoleOutput))
#30 C:/Users/arbo3/Desktop/Coding/Software Engineering Learning/Trackmania_Leaderboard/vendor/laravel/framework/src/Illuminate/Foundation/Application.php(1235): Illuminate/Foundation/Console/Kernel->handle(Object(Symfony/Component/Console/Input/ArgvInput), Object(Symfony/Component/Console/Output/ConsoleOutput))
#31 C:/Users/arbo3/Desktop/Coding/Software Engineering Learning/Trackmania_Leaderboard/artisan(16): Illuminate/Foundation/Application->handleCommand(Object(Symfony/Component/Console/Input/ArgvInput))
#32 {main}
"} 
